Build started 9/24/2015 5:44:58 PM.
     1>Project "\\linuxfs\tam_pub\htran\Codes\NormalFitGeneratorSOCJT2\NormalFitGeneratorSOCJT2\NormalFitGeneratorSOCJT2.vcxproj" on node 2 (Build target(s)).
     1>ClCompile:
         C:\Program Files (x86)\Microsoft Visual Studio 12.0\VC\bin\CL.exe /c /Zi /nologo /W3 /WX- /sdl /O2 /Oi /Oy- /GL /D _MBCS /Gm- /EHsc /MT /GS /Gy /fp:precise /Zc:wchar_t /Zc:forScope /openmp /Fo"Release\\" /Fd"Release\vc120.pdb" /Gd /TP /analyze- /errorReport:prompt NFG.cpp
         NFG.cpp
     1>NFG.cpp(176): warning C4018: '<' : signed/unsigned mismatch
     1>NFG.cpp(186): warning C4018: '<' : signed/unsigned mismatch
     1>NFG.cpp(203): warning C4244: 'argument' : conversion from 'time_t' to 'unsigned int', possible loss of data
     1>NFG.cpp(294): warning C4018: '<' : signed/unsigned mismatch
     1>NFG.cpp(352): warning C4018: '<' : signed/unsigned mismatch
     1>NFG.cpp(360): warning C4018: '<' : signed/unsigned mismatch
     1>NFG.cpp(366): warning C4018: '<' : signed/unsigned mismatch
     1>NFG.cpp(371): error C2143: syntax error : missing ',' before '['
     1>NFG.cpp(389): warning C4018: '<' : signed/unsigned mismatch
     1>NFG.cpp(395): warning C4018: '<' : signed/unsigned mismatch
     1>Done Building Project "\\linuxfs\tam_pub\htran\Codes\NormalFitGeneratorSOCJT2\NormalFitGeneratorSOCJT2\NormalFitGeneratorSOCJT2.vcxproj" (Build target(s)) -- FAILED.

Build FAILED.

Time Elapsed 00:00:00.79
